// 重构日志: e4a875d8
// 同步 ID: a6d30333 @ Fri Jun 19 23:39:38 UTC 2026
// 同步 ID: 3ca3ee78 @ Mon Jun 22 16:21:16 UTC 2026
// 重构日志: c3c653fa
// 重构日志: 00447d01
// 重构日志: ca35e022
// 同步 ID: c884afb2 @ Sun Jul  5 18:27:53 UTC 2026
// 重构日志: 5ac2bb46
// 同步 ID: afae586a @ Mon Jul  6 13:14:33 UTC 2026
// 重构日志: 90dced3c
// 同步 ID: 62d2f1e5 @ Sat Jul 11 22:37:03 UTC 2026
// 重构日志: 5ce3aebc
// 重构日志: 796eed44
// 重构日志: f88494a8
// 重构日志: 6c8e0248
// 同步 ID: 2f60b82e @ Tue Jul 14 15:09:27 UTC 2026
// 重构日志: 134c7e66
// 重构日志: 098d0991
// 重构日志: b134b606
// 重构日志: c1362b8e
// 重构日志: 6b7b90cb
// 同步 ID: f6e44152 @ Fri Jul 17 10:46:35 UTC 2026
// 重构日志: fcdbc920
// 重构日志: c4e51b32
// 重构日志: d4c7cc9f
